
=== Wed Nov 10 11:03:06 2021

Packages were changed.
Update Mode: updateDependencies

The following packages were updated:
  com.unity.collab-proxy from version 1.7.1 to 1.13.5
  com.unity.ext.nunit from version 1.0.0 to 1.0.6
  com.unity.xr.management from version 4.0.7 to 4.1.0

=== Mon Sep 19 12:42:32 2022

Packages were changed.
Update Mode: updateDependencies

The following packages were updated:
  com.unity.collab-proxy from version 1.13.5 to 1.17.2
  com.unity.ide.rider from version 3.0.7 to 3.0.15
  com.unity.ide.visualstudio from version 2.0.11 to 2.0.16
  com.unity.ide.vscode from version 1.2.4 to 1.2.5
  com.unity.inputsystem from version 1.0.2 to 1.4.1
  com.unity.render-pipelines.universal from version 11.0.0 to 13.1.8
  com.unity.test-framework from version 1.1.29 to 1.1.33
  com.unity.timeline from version 1.5.6 to 1.7.1
  com.unity.xr.interaction.toolkit from version 1.0.0-pre.6 to 2.0.3
  com.unity.xr.management from version 4.1.0 to 4.2.0
  com.unity.xr.openxr from version 1.2.8 to 1.4.2
